[21:11:55] [ServerMain/INFO]: Environment: Environment[sessionHost=https://sessionserver.mojang.com, servicesHost=https://api.minecraftservices.com, name=PROD]
[21:12:01] [ServerMain/INFO]: Loaded 1337 recipes
[21:12:01] [ServerMain/INFO]: Loaded 1448 advancements
[21:12:02] [Server thread/INFO]: Starting minecraft server version 1.21.3
[21:12:02] [Server thread/INFO]: Loading properties
[21:12:02] [Server thread/INFO]: Default game type: SURVIVAL
[21:12:02] [Server thread/INFO]: Generating keypair
[21:12:02] [Server thread/INFO]: Starting Minecraft server on *:25565
[21:12:02] [Server thread/INFO]: Using epoll channel type
[21:12:02] [Server thread/WARN]: **** SERVER IS RUNNING IN OFFLINE/INSECURE MODE!
[21:12:02] [Server thread/WARN]: The server will make no attempt to authenticate usernames. Beware.
[21:12:02] [Server thread/WARN]: While this makes the game possible to play without internet access, it also opens up the ability for hackers to connect with any username they choose.
[21:12:02] [Server thread/WARN]: To change this, set "online-mode" to "true" in the server.properties file.
[21:12:02] [Server thread/INFO]: Preparing level "world"
[21:12:03] [Server thread/INFO]: Preparing start region for dimension minecraft:overworld
[21:12:17] [Worker-Main-1/INFO]: Preparing spawn area: 0%
[21:12:17] [Worker-Main-1/INFO]: Preparing spawn area: 0%
[21:12:17] [Worker-Main-1/INFO]: Preparing spawn area: 0%
[21:12:17] [Worker-Main-1/INFO]: Preparing spawn area: 0%
[21:12:17] [Worker-Main-1/INFO]: Preparing spawn area: 0%
[21:12:17] [Worker-Main-1/INFO]: Preparing spawn area: 0%
[21:12:17] [Worker-Main-1/INFO]: Preparing spawn area: 0%
[21:12:17] [Worker-Main-1/INFO]: Preparing spawn area: 0%
[21:12:17] [Worker-Main-1/INFO]: Preparing spawn area: 0%
[21:12:17] [Worker-Main-1/INFO]: Preparing spawn area: 0%
[21:12:17] [Worker-Main-1/INFO]: Preparing spawn area: 0%
[21:12:17] [Worker-Main-1/INFO]: Preparing spawn area: 0%
[21:12:17] [Worker-Main-1/INFO]: Preparing spawn area: 0%
[21:12:17] [Worker-Main-1/INFO]: Preparing spawn area: 0%
[21:12:17] [Worker-Main-1/INFO]: Preparing spawn area: 0%
[21:12:17] [Worker-Main-1/INFO]: Preparing spawn area: 0%
[21:12:17] [Worker-Main-1/INFO]: Preparing spawn area: 0%
[21:12:17] [Worker-Main-1/INFO]: Preparing spawn area: 0%
[21:12:17] [Worker-Main-1/INFO]: Preparing spawn area: 0%
[21:12:17] [Worker-Main-1/INFO]: Preparing spawn area: 0%
[21:12:17] [Worker-Main-1/INFO]: Preparing spawn area: 0%
[21:12:17] [Worker-Main-1/INFO]: Preparing spawn area: 0%
[21:12:17] [Worker-Main-1/INFO]: Preparing spawn area: 0%
[21:12:17] [Worker-Main-1/INFO]: Preparing spawn area: 0%
[21:12:17] [Worker-Main-1/INFO]: Preparing spawn area: 0%
[21:12:17] [Worker-Main-1/INFO]: Preparing spawn area: 0%
[21:12:17] [Worker-Main-1/INFO]: Preparing spawn area: 0%
[21:12:17] [Worker-Main-1/INFO]: Preparing spawn area: 0%
[21:12:17] [Server thread/INFO]: Time elapsed: 13974 ms
[21:12:17] [Server thread/INFO]: Done (14.732s)! For help, type "help"
[21:12:20] [Server thread/INFO]: Slayer_np[/100.101.94.41:56495] logged in with entity id 4 at (525.5786956865315, 63.0, 47.30000001192093)
[21:12:20] [Server thread/INFO]: Slayer_np joined the game
[21:12:21] [Server thread/WARN]: Can't keep up! Is the server overloaded? Running 2066ms or 41 ticks behind
[21:18:03] [Server thread/INFO]: Slayer_np lost connection: You logged in from another location
[21:18:03] [Server thread/INFO]: Slayer_np left the game
[21:18:04] [Server thread/INFO]: Slayer_np[/100.101.94.41:60403] logged in with entity id 1579 at (661.3000000119209, 119.7531999805212, -216.57826965904405)
[21:18:04] [Server thread/INFO]: Slayer_np joined the game
[21:19:01] [Server thread/INFO]: Slayer_np fell from a high place
[21:28:31] [Server thread/INFO]: Slayer_np was blown up by Creeper
[21:30:39] [Server thread/INFO]: Slayer_np was slain by Zombie
[21:31:25] [Server thread/INFO]: Slayer_np was slain by Zombie
[21:34:06] [Server thread/INFO]: Slayer_np has made the advancement [Best Friends Forever]
[21:34:37] [Server thread/INFO]: [Slayer_np: Set own game mode to Adventure Mode]
[21:34:39] [Server thread/INFO]: [Slayer_np: Set own game mode to Creative Mode]
[21:34:43] [Server thread/INFO]: [Slayer_np: Set own game mode to Adventure Mode]
[21:34:45] [Server thread/INFO]: [Slayer_np: Set own game mode to Creative Mode]
[21:34:45] [Server thread/INFO]: [Slayer_np: Set own game mode to Survival Mode]
[21:38:30] [Server thread/INFO]: [Slayer_np: Set own game mode to Creative Mode]
[21:38:33] [Server thread/INFO]: [Slayer_np: Set own game mode to Survival Mode]
[21:40:09] [Server thread/INFO]: [Slayer_np: Set own game mode to Spectator Mode]
[21:40:24] [Server thread/INFO]: [Slayer_np: Set own game mode to Creative Mode]
[21:40:26] [Server thread/INFO]: [Slayer_np: Set own game mode to Spectator Mode]
[21:40:27] [Server thread/INFO]: [Slayer_np: Set own game mode to Survival Mode]
[21:43:43] [Server thread/INFO]: Slayer_np fell from a high place
[21:43:58] [Server thread/INFO]: [Slayer_np: Set own game mode to Creative Mode]
[21:44:01] [Server thread/INFO]: [Slayer_np: Set own game mode to Survival Mode]
[21:44:19] [Server thread/WARN]: Oak Boat (vehicle of Slayer_np) moved wrongly! 0.7262317358774908
[21:44:20] [Server thread/WARN]: Oak Boat (vehicle of Slayer_np) moved wrongly! 1.8876482542111717
[21:44:20] [Server thread/WARN]: Oak Boat (vehicle of Slayer_np) moved wrongly! 3.07162259025489
[21:44:20] [Server thread/WARN]: Oak Boat (vehicle of Slayer_np) moved wrongly! 4.277024122418823
[21:44:20] [Server thread/WARN]: Oak Boat (vehicle of Slayer_np) moved wrongly! 0.5390460923852629
[21:44:20] [Server thread/WARN]: Oak Boat (vehicle of Slayer_np) moved wrongly! 0.5071868881331056
[21:44:20] [Server thread/WARN]: Oak Boat (vehicle of Slayer_np) moved wrongly! 0.48000845300896344
[21:44:20] [Server thread/WARN]: Oak Boat (vehicle of Slayer_np) moved wrongly! 1.7614861039562584
[21:46:14] [Server thread/WARN]: Oak Boat (vehicle of Slayer_np) moved wrongly! 0.47579501555782144
[21:46:14] [Server thread/WARN]: Oak Boat (vehicle of Slayer_np) moved wrongly! 0.709716638937934
[21:46:14] [Server thread/WARN]: Oak Boat (vehicle of Slayer_np) moved wrongly! 0.9337052623793175
[21:46:18] [Server thread/WARN]: Trying to set block entity dvb@6c58e3b9 at position jh{x=645, y=29, z=-860}, but state Block{minecraft:chest}[facing=north,type=single,waterlogged=false] does not allow it
